Running: d:\Xilinx\14.7\ISE_DS\ISE\bin\nt\unwrapped\fuse.exe -intstyle ise -incremental -lib unisims_ver -lib unimacro_ver -lib xilinxcorelib_ver -o C:/Users/Pol/ISE/PolJonasSnake/score_count_tb_isim_beh.exe -prj C:/Users/Pol/ISE/PolJonasSnake/score_count_tb_beh.prj work.score_count_tb work.glbl 
ISim P.20131013 (signature 0x8ef4fb42)
Number of CPUs detected in this system: 8
Turning on mult-threading, number of parallel sub-compilation jobs: 16 
Determining compilation order of HDL files
Analyzing Verilog file "C:/Users/Pol/ISE/PolJonasSnake/ScoreCounter.v" into library work
Analyzing Verilog file "C:/Users/Pol/ISE/PolJonasSnake/score_count_tb.v" into library work
Analyzing Verilog file "d:/Xilinx/14.7/ISE_DS/ISE//verilog/src/glbl.v" into library work
Starting static elaboration
Completed static elaboration
Fuse Memory Usage: 123820 KB
Fuse CPU Usage: 311 ms
Compiling module ScoreCounter
Compiling module score_count_tb
Compiling module glbl
Time Resolution for simulation is 1ps.
Waiting for 2 sub-compilation(s) to finish...
Compiled 3 Verilog Units
Built simulation executable C:/Users/Pol/ISE/PolJonasSnake/score_count_tb_isim_beh.exe
Fuse Memory Usage: 128412 KB
Fuse CPU Usage: 404 ms
