--------------------------------------------------------------------------------
Release 14.7 Trace  (lin64)
Copyright (c) 1995-2013 Xilinx, Inc.  All rights reserved.

/opt/Xilinx/14.7/ISE_DS/ISE/bin/lin64/unwrapped/trce -intstyle ise -v 3 -s 4 -n
3 -fastpaths -xml MasterStateMachine.twx MasterStateMachine.ncd -o
MasterStateMachine.twr MasterStateMachine.pcf -ucf Snake.ucf

Design file:              MasterStateMachine.ncd
Physical constraint file: MasterStateMachine.pcf
Device,package,speed:     xc3s250e,cp132,-4 (PRODUCTION 1.27 2013-10-13)
Report level:             verbose report

Environment Variable      Effect 
--------------------      ------ 
NONE                      No environment variables were set
--------------------------------------------------------------------------------

INFO:Timing:2698 - No timing constraints found, doing default enumeration.
INFO:Timing:3412 - To improve timing, see the Timing Closure User Guide (UG612).
INFO:Timing:2752 - To get complete path coverage, use the unconstrained paths 
   option. All paths that are not constrained will be reported in the 
   unconstrained paths section(s) of the report.
INFO:Timing:3339 - The clock-to-out numbers in this timing report are based on 
   a 50 Ohm transmission line loading model.  For the details of this model, 
   and for more information on accounting for different loading conditions, 
   please see the device datasheet.
INFO:Timing:3390 - This architecture does not support a default System Jitter 
   value, please add SYSTEM_JITTER constraint to the UCF to modify the Clock 
   Uncertainty calculation.
INFO:Timing:3389 - This architecture does not support 'Discrete Jitter' and 
   'Phase Error' calculations, these terms will be zero in the Clock 
   Uncertainty calculation.  Please make appropriate modification to 
   SYSTEM_JITTER to account for the unsupported Discrete Jitter and Phase 
   Error.



Data Sheet report:
-----------------
All values displayed in nanoseconds (ns)

Setup/Hold to clock CLOCK
---------------+------------+------------+------------------+--------+
               |Max Setup to|Max Hold to |                  | Clock  |
Source         | clk (edge) | clk (edge) |Internal Clock(s) | Phase  |
---------------+------------+------------+------------------+--------+
PUSH_BUTTONS<0>|    1.633(R)|   -0.108(R)|CLOCK_BUFGP       |   0.000|
PUSH_BUTTONS<1>|    1.978(R)|   -0.384(R)|CLOCK_BUFGP       |   0.000|
PUSH_BUTTONS<2>|    1.792(R)|   -0.235(R)|CLOCK_BUFGP       |   0.000|
PUSH_BUTTONS<3>|    2.085(R)|   -0.469(R)|CLOCK_BUFGP       |   0.000|
RESET          |    1.115(R)|    0.626(R)|CLOCK_BUFGP       |   0.000|
SCORE_IN<0>    |    2.102(R)|   -0.108(R)|CLOCK_BUFGP       |   0.000|
SCORE_IN<1>    |    1.394(R)|    0.459(R)|CLOCK_BUFGP       |   0.000|
SCORE_IN<2>    |    1.374(R)|    0.475(R)|CLOCK_BUFGP       |   0.000|
SCORE_IN<3>    |    2.113(R)|   -0.117(R)|CLOCK_BUFGP       |   0.000|
---------------+------------+------------+------------------+--------+

Clock CLOCK to Pad
------------+------------+------------------+--------+
            | clk (edge) |                  | Clock  |
Destination |   to PAD   |Internal Clock(s) | Phase  |
------------+------------+------------------+--------+
STATE_OUT<0>|    7.719(R)|CLOCK_BUFGP       |   0.000|
STATE_OUT<1>|    7.981(R)|CLOCK_BUFGP       |   0.000|
------------+------------+------------------+--------+

Clock to Setup on destination clock CLOCK
---------------+---------+---------+---------+---------+
               | Src:Rise| Src:Fall| Src:Rise| Src:Fall|
Source Clock   |Dest:Rise|Dest:Rise|Dest:Fall|Dest:Fall|
---------------+---------+---------+---------+---------+
CLOCK          |    2.356|         |         |         |
---------------+---------+---------+---------+---------+


Analysis completed Fri May 16 14:05:37 2014 
--------------------------------------------------------------------------------

Trace Settings:
-------------------------
Trace Settings 

Peak Memory Usage: 340 MB



