--------------------------------------------------------------------------------
Release 14.7 Trace  (nt)
Copyright (c) 1995-2013 Xilinx, Inc.  All rights reserved.

d:\Xilinx\14.7\ISE_DS\ISE\bin\nt\unwrapped\trce.exe -intstyle ise -v 3 -s 4 -n
3 -fastpaths -xml Snake.twx Snake.ncd -o Snake.twr Snake.pcf -ucf Snake.ucf

Design file:              Snake.ncd
Physical constraint file: Snake.pcf
Device,package,speed:     xc3s250e,cp132,-4 (PRODUCTION 1.27 2013-10-13)
Report level:             verbose report

Environment Variable      Effect 
--------------------      ------ 
NONE                      No environment variables were set
--------------------------------------------------------------------------------

INFO:Timing:2698 - No timing constraints found, doing default enumeration.
INFO:Timing:3412 - To improve timing, see the Timing Closure User Guide (UG612).
INFO:Timing:2752 - To get complete path coverage, use the unconstrained paths 
   option. All paths that are not constrained will be reported in the 
   unconstrained paths section(s) of the report.
INFO:Timing:3339 - The clock-to-out numbers in this timing report are based on 
   a 50 Ohm transmission line loading model.  For the details of this model, 
   and for more information on accounting for different loading conditions, 
   please see the device datasheet.
INFO:Timing:3390 - This architecture does not support a default System Jitter 
   value, please add SYSTEM_JITTER constraint to the UCF to modify the Clock 
   Uncertainty calculation.
INFO:Timing:3389 - This architecture does not support 'Discrete Jitter' and 
   'Phase Error' calculations, these terms will be zero in the Clock 
   Uncertainty calculation.  Please make appropriate modification to 
   SYSTEM_JITTER to account for the unsupported Discrete Jitter and Phase 
   Error.



Data Sheet report:
-----------------
All values displayed in nanoseconds (ns)

Setup/Hold to clock CLOCK
---------------+------------+------------+------------------+--------+
               |Max Setup to|Max Hold to |                  | Clock  |
Source         | clk (edge) | clk (edge) |Internal Clock(s) | Phase  |
---------------+------------+------------+------------------+--------+
PUSH_BUTTONS<0>|    4.288(R)|    0.078(R)|CLOCK_BUFGP       |   0.000|
PUSH_BUTTONS<1>|    3.228(R)|   -0.561(R)|CLOCK_BUFGP       |   0.000|
PUSH_BUTTONS<2>|    2.984(R)|   -0.288(R)|CLOCK_BUFGP       |   0.000|
PUSH_BUTTONS<3>|    2.960(R)|   -0.195(R)|CLOCK_BUFGP       |   0.000|
RESET          |    3.517(R)|    0.302(R)|CLOCK_BUFGP       |   0.000|
---------------+------------+------------+------------------+--------+

Clock CLOCK to Pad
-------------+------------+------------------+--------+
             | clk (edge) |                  | Clock  |
Destination  |   to PAD   |Internal Clock(s) | Phase  |
-------------+------------+------------------+--------+
COLOUR_OUT<0>|    9.085(R)|CLOCK_BUFGP       |   0.000|
COLOUR_OUT<1>|    8.836(R)|CLOCK_BUFGP       |   0.000|
COLOUR_OUT<2>|    8.166(R)|CLOCK_BUFGP       |   0.000|
COLOUR_OUT<3>|    8.179(R)|CLOCK_BUFGP       |   0.000|
COLOUR_OUT<4>|    8.428(R)|CLOCK_BUFGP       |   0.000|
COLOUR_OUT<5>|    7.607(R)|CLOCK_BUFGP       |   0.000|
COLOUR_OUT<6>|    7.352(R)|CLOCK_BUFGP       |   0.000|
COLOUR_OUT<7>|    7.768(R)|CLOCK_BUFGP       |   0.000|
HEX_OUT<0>   |    9.356(R)|CLOCK_BUFGP       |   0.000|
HEX_OUT<1>   |    9.920(R)|CLOCK_BUFGP       |   0.000|
HEX_OUT<2>   |    9.903(R)|CLOCK_BUFGP       |   0.000|
HEX_OUT<3>   |    9.620(R)|CLOCK_BUFGP       |   0.000|
HEX_OUT<4>   |   10.084(R)|CLOCK_BUFGP       |   0.000|
HEX_OUT<5>   |    9.132(R)|CLOCK_BUFGP       |   0.000|
HEX_OUT<6>   |    9.620(R)|CLOCK_BUFGP       |   0.000|
HS           |    9.549(R)|CLOCK_BUFGP       |   0.000|
VS           |   13.463(R)|CLOCK_BUFGP       |   0.000|
-------------+------------+------------------+--------+

Clock to Setup on destination clock CLOCK
---------------+---------+---------+---------+---------+
               | Src:Rise| Src:Fall| Src:Rise| Src:Fall|
Source Clock   |Dest:Rise|Dest:Rise|Dest:Fall|Dest:Fall|
---------------+---------+---------+---------+---------+
CLOCK          |    6.802|         |         |         |
---------------+---------+---------+---------+---------+


Analysis completed Fri May 23 15:07:41 2014 
--------------------------------------------------------------------------------

Trace Settings:
-------------------------
Trace Settings 

Peak Memory Usage: 135 MB



