Release 14.7 - xst P.20131013 (lin64)
Copyright (c) 1995-2013 Xilinx, Inc.  All rights reserved.
--> 
Parameter TMPDIR set to xst/projnav.tmp


Total REAL time to Xst completion: 0.00 secs
Total CPU time to Xst completion: 0.07 secs
 
--> 
Parameter xsthdpdir set to xst


Total REAL time to Xst completion: 0.00 secs
Total CPU time to Xst completion: 0.07 secs
 
--> 
Reading design: VGAWrapper.prj

TABLE OF CONTENTS
  1) Synthesis Options Summary
  2) HDL Compilation
  3) Design Hierarchy Analysis
  4) HDL Analysis
  5) HDL Synthesis
     5.1) HDL Synthesis Report
  6) Advanced HDL Synthesis
     6.1) Advanced HDL Synthesis Report
  7) Low Level Synthesis
  8) Partition Report
  9) Final Report
	9.1) Device utilization summary
	9.2) Partition Resource Summary
	9.3) TIMING REPORT


=========================================================================
*                      Synthesis Options Summary                        *
=========================================================================
---- Source Parameters
Input File Name                    : "VGAWrapper.prj"
Input Format                       : mixed
Ignore Synthesis Constraint File   : NO

---- Target Parameters
Output File Name                   : "VGAWrapper"
Output Format                      : NGC
Target Device                      : xc3s250e-4-cp132

---- Source Options
Top Module Name                    : VGAWrapper
Automatic FSM Extraction           : YES
FSM Encoding Algorithm             : Auto
Safe Implementation                : No
FSM Style                          : LUT
RAM Extraction                     : Yes
RAM Style                          : Auto
ROM Extraction                     : Yes
Mux Style                          : Auto
Decoder Extraction                 : YES
Priority Encoder Extraction        : Yes
Shift Register Extraction          : YES
Logical Shifter Extraction         : YES
XOR Collapsing                     : YES
ROM Style                          : Auto
Mux Extraction                     : Yes
Resource Sharing                   : YES
Asynchronous To Synchronous        : NO
Multiplier Style                   : Auto
Automatic Register Balancing       : No

---- Target Options
Add IO Buffers                     : YES
Global Maximum Fanout              : 500
Add Generic Clock Buffer(BUFG)     : 24
Register Duplication               : YES
Slice Packing                      : YES
Optimize Instantiated Primitives   : NO
Use Clock Enable                   : Yes
Use Synchronous Set                : Yes
Use Synchronous Reset              : Yes
Pack IO Registers into IOBs        : Auto
Equivalent register Removal        : YES

---- General Options
Optimization Goal                  : Speed
Optimization Effort                : 1
Keep Hierarchy                     : No
Netlist Hierarchy                  : As_Optimized
RTL Output                         : Yes
Global Optimization                : AllClockNets
Read Cores                         : YES
Write Timing Constraints           : NO
Cross Clock Analysis               : NO
Hierarchy Separator                : /
Bus Delimiter                      : <>
Case Specifier                     : Maintain
Slice Utilization Ratio            : 100
BRAM Utilization Ratio             : 100
Verilog 2001                       : YES
Auto BRAM Packing                  : NO
Slice Utilization Ratio Delta      : 5

=========================================================================


=========================================================================
*                          HDL Compilation                              *
=========================================================================
Compiling verilog file "GenericCounter.v" in library work
Compiling verilog file "VGAControl.v" in library work
Module <GenericCounter> compiled
Compiling verilog file "VGAWrapper.v" in library work
Module <VGAControl> compiled
Module <VGAWrapper> compiled
No errors in compilation
Analysis of file <"VGAWrapper.prj"> succeeded.
 

=========================================================================
*                     Design Hierarchy Analysis                         *
=========================================================================
Analyzing hierarchy for module <VGAWrapper> in library <work>.

Analyzing hierarchy for module <VGAControl> in library <work> with parameters.
	HorzTimeToBackPorchEnd = "0010010000"
	HorzTimeToDisplayTimeEnd = "1100010000"
	HorzTimeToFrontPorchEnd = "1100100000"
	HorzTimeToPulseWidthEnd = "0001100000"
	VertTimeToBackPorchEnd = "0000011111"
	VertTimeToDisplayTimeEnd = "0111111111"
	VertTimeToPulseWidthEnd = "0000000010"
	VertTimeTofrontPorch = "1000001001"

Analyzing hierarchy for module <GenericCounter> in library <work> with parameters.
	COUNTER_MAX = "1100100000"
	COUNTER_WIDTH = "00000000000000000000000000001010"

Analyzing hierarchy for module <GenericCounter> in library <work> with parameters.
	COUNTER_MAX = "1000001001"
	COUNTER_WIDTH = "00000000000000000000000000001001"


=========================================================================
*                            HDL Analysis                               *
=========================================================================
Analyzing top module <VGAWrapper>.
Module <VGAWrapper> is correct for synthesis.
 
Analyzing module <VGAControl> in library <work>.
	HorzTimeToBackPorchEnd = 10'b0010010000
	HorzTimeToDisplayTimeEnd = 10'b1100010000
	HorzTimeToFrontPorchEnd = 10'b1100100000
	HorzTimeToPulseWidthEnd = 10'b0001100000
	VertTimeToBackPorchEnd = 10'b0000011111
	VertTimeToDisplayTimeEnd = 10'b0111111111
	VertTimeToPulseWidthEnd = 10'b0000000010
	VertTimeTofrontPorch = 10'b1000001001
Module <VGAControl> is correct for synthesis.
 
Analyzing module <GenericCounter.1> in library <work>.
	COUNTER_MAX = 10'b1100100000
	COUNTER_WIDTH = 32'sb00000000000000000000000000001010
Module <GenericCounter.1> is correct for synthesis.
 
Analyzing module <GenericCounter.2> in library <work>.
	COUNTER_MAX = 10'b1000001001
	COUNTER_WIDTH = 32'sb00000000000000000000000000001001
Module <GenericCounter.2> is correct for synthesis.
 

=========================================================================
*                           HDL Synthesis                               *
=========================================================================

Performing bidirectional port resolution...

Synthesizing Unit <GenericCounter_1>.
    Related source file is "GenericCounter.v".
    Found 1-bit register for signal <TRIGG_OUT>.
    Found 10-bit up counter for signal <Counter>.
    Summary:
	inferred   1 Counter(s).
	inferred   1 D-type flip-flop(s).
Unit <GenericCounter_1> synthesized.


Synthesizing Unit <GenericCounter_2>.
    Related source file is "GenericCounter.v".
    Found 9-bit up counter for signal <Counter>.
    Summary:
	inferred   1 Counter(s).
Unit <GenericCounter_2> synthesized.


Synthesizing Unit <VGAControl>.
    Related source file is "VGAControl.v".
WARNING:Xst:646 - Signal <VerTrigOut> is assigned but never used. This unconnected signal will be trimmed during the optimization process.
    Found 8-bit register for signal <COUT>.
    Found 10-bit register for signal <ADDRH>.
    Found 9-bit register for signal <ADDRV>.
    Found 10-bit comparator greatequal for signal <ADDRH$cmp_le0000> created at line 68.
    Found 9-bit comparator greatequal for signal <ADDRH$cmp_le0001> created at line 68.
    Found 10-bit comparator less for signal <ADDRH$cmp_lt0000> created at line 68.
    Found 9-bit comparator less for signal <ADDRH$cmp_lt0001> created at line 68.
    Found 10-bit subtractor for signal <ADDRH$sub0000> created at line 70.
    Found 9-bit subtractor for signal <ADDRV$sub0000> created at line 71.
    Found 10-bit comparator less for signal <HS$cmp_lt0000> created at line 64.
    Found 9-bit comparator less for signal <VS$cmp_lt0000> created at line 65.
    Summary:
	inferred  27 D-type flip-flop(s).
	inferred   2 Adder/Subtractor(s).
	inferred   6 Comparator(s).
Unit <VGAControl> synthesized.


Synthesizing Unit <VGAWrapper>.
    Related source file is "VGAWrapper.v".
    Found 8-bit register for signal <Colour>.
    Found 8-bit 4-to-1 multiplexer for signal <Colour$mux0000>.
    Summary:
	inferred   8 D-type flip-flop(s).
	inferred   8 Multiplexer(s).
Unit <VGAWrapper> synthesized.


=========================================================================
HDL Synthesis Report

Macro Statistics
# Adders/Subtractors                                   : 2
 10-bit subtractor                                     : 1
 9-bit subtractor                                      : 1
# Counters                                             : 2
 10-bit up counter                                     : 1
 9-bit up counter                                      : 1
# Registers                                            : 5
 1-bit register                                        : 1
 10-bit register                                       : 1
 8-bit register                                        : 2
 9-bit register                                        : 1
# Comparators                                          : 6
 10-bit comparator greatequal                          : 1
 10-bit comparator less                                : 2
 9-bit comparator greatequal                           : 1
 9-bit comparator less                                 : 2
# Multiplexers                                         : 1
 8-bit 4-to-1 multiplexer                              : 1

=========================================================================

=========================================================================
*                       Advanced HDL Synthesis                          *
=========================================================================


=========================================================================
Advanced HDL Synthesis Report

Macro Statistics
# Adders/Subtractors                                   : 2
 10-bit subtractor                                     : 1
 9-bit subtractor                                      : 1
# Counters                                             : 2
 10-bit up counter                                     : 1
 9-bit up counter                                      : 1
# Registers                                            : 36
 Flip-Flops                                            : 36
# Comparators                                          : 6
 10-bit comparator greatequal                          : 1
 10-bit comparator less                                : 2
 9-bit comparator greatequal                           : 1
 9-bit comparator less                                 : 2
# Multiplexers                                         : 1
 8-bit 4-to-1 multiplexer                              : 1

=========================================================================

=========================================================================
*                         Low Level Synthesis                           *
=========================================================================

Optimizing unit <VGAWrapper> ...

Optimizing unit <VGAControl> ...

Mapping all equations...
Building and optimizing final netlist ...
Found area constraint ratio of 100 (+ 5) on block VGAWrapper, actual ratio is 1.

Final Macro Processing ...

=========================================================================
Final Register Report

Macro Statistics
# Registers                                            : 55
 Flip-Flops                                            : 55

=========================================================================

=========================================================================
*                           Partition Report                            *
=========================================================================

Partition Implementation Status
-------------------------------

  No Partitions were found in this design.

-------------------------------

=========================================================================
*                            Final Report                               *
=========================================================================
Final Results
RTL Top Level Output File Name     : VGAWrapper.ngr
Top Level Output File Name         : VGAWrapper
Output Format                      : NGC
Optimization Goal                  : Speed
Keep Hierarchy                     : No

Design Statistics
# IOs                              : 40

Cell Usage :
# BELS                             : 118
#      GND                         : 1
#      INV                         : 7
#      LUT1                        : 22
#      LUT2                        : 9
#      LUT3                        : 7
#      LUT3_D                      : 1
#      LUT4                        : 12
#      LUT4_L                      : 4
#      MUXCY                       : 25
#      MUXF5                       : 1
#      VCC                         : 1
#      XORCY                       : 28
# FlipFlops/Latches                : 55
#      FD                          : 1
#      FDE                         : 9
#      FDR                         : 45
# Clock Buffers                    : 1
#      BUFGP                       : 1
# IO Buffers                       : 39
#      IBUF                        : 10
#      OBUF                        : 29
=========================================================================

Device utilization summary:
---------------------------

Selected Device : 3s250ecp132-4 

 Number of Slices:                       37  out of   2448     1%  
 Number of Slice Flip Flops:             55  out of   4896     1%  
 Number of 4 input LUTs:                 62  out of   4896     1%  
 Number of IOs:                          40
 Number of bonded IOBs:                  40  out of     92    43%  
 Number of GCLKs:                         1  out of     24     4%  

---------------------------
Partition Resource Summary:
---------------------------

  No Partitions were found in this design.

---------------------------


=========================================================================
TIMING REPORT

NOTE: THESE TIMING NUMBERS ARE ONLY A SYNTHESIS ESTIMATE.
      FOR ACCURATE TIMING INFORMATION PLEASE REFER TO THE TRACE REPORT
      GENERATED AFTER PLACE-and-ROUTE.

Clock Information:
------------------
-----------------------------------+------------------------+-------+
Clock Signal                       | Clock buffer(FF name)  | Load  |
-----------------------------------+------------------------+-------+
CLK                                | BUFGP                  | 55    |
-----------------------------------+------------------------+-------+

Asynchronous Control Signals Information:
----------------------------------------
No asynchronous control signals found in this design

Timing Summary:
---------------
Speed Grade: -4

   Minimum period: 6.538ns (Maximum Frequency: 152.952MHz)
   Minimum input arrival time before clock: 3.162ns
   Maximum output required time after clock: 7.094ns
   Maximum combinational path delay: No path found

Timing Detail:
--------------
All values displayed in nanoseconds (ns)

=========================================================================
Timing constraint: Default period analysis for Clock 'CLK'
  Clock period: 6.538ns (frequency: 152.952MHz)
  Total number of paths / destination ports: 945 / 93
-------------------------------------------------------------------------
Delay:               6.538ns (Levels of Logic = 3)
  Source:            VGACtl/CountVer/Counter_0 (FF)
  Destination:       VGACtl/ADDRV_8 (FF)
  Source Clock:      CLK rising
  Destination Clock: CLK rising

  Data Path: VGACtl/CountVer/Counter_0 to VGACtl/ADDRV_8
                                Gate     Net
    Cell:in->out      fanout   Delay   Delay  Logical Name (Net Name)
    ----------------------------------------  ------------
     FDE:C->Q              4   0.591   0.762  VGACtl/CountVer/Counter_0 (VGACtl/CountVer/Counter_0)
     LUT3:I0->O            1   0.704   0.455  VGACtl/ADDRH_not000187 (VGACtl/ADDRH_not000187)
     LUT4:I2->O            2   0.704   0.622  VGACtl/ADDRH_not000193 (VGACtl/ADDRH_not000193)
     LUT3:I0->O           19   0.704   1.085  VGACtl/ADDRH_not0001115 (VGACtl/ADDRH_not0001)
     FDR:R                     0.911          VGACtl/ADDRH_0
    ----------------------------------------
    Total                      6.538ns (3.614ns logic, 2.924ns route)
                                       (55.3% logic, 44.7% route)

=========================================================================
Timing constraint: Default OFFSET IN BEFORE for Clock 'CLK'
  Total number of paths / destination ports: 24 / 15
-------------------------------------------------------------------------
Offset:              3.162ns (Levels of Logic = 2)
  Source:            MASTER_STATE<1> (PAD)
  Destination:       Colour_5 (FF)
  Destination Clock: CLK rising

  Data Path: MASTER_STATE<1> to Colour_5
                                Gate     Net
    Cell:in->out      fanout   Delay   Delay  Logical Name (Net Name)
    ----------------------------------------  ------------
     IBUF:I->O             8   1.218   0.932  MASTER_STATE_1_IBUF (MASTER_STATE_1_IBUF)
     LUT3:I0->O            1   0.704   0.000  Mmux_Colour_mux000061 (Colour_mux0000<5>)
     FD:D                      0.308          Colour_5
    ----------------------------------------
    Total                      3.162ns (2.230ns logic, 0.932ns route)
                                       (70.5% logic, 29.5% route)

=========================================================================
Timing constraint: Default OFFSET OUT AFTER for Clock 'CLK'
  Total number of paths / destination ports: 40 / 29
-------------------------------------------------------------------------
Offset:              7.094ns (Levels of Logic = 3)
  Source:            VGACtl/CountVer/Counter_5 (FF)
  Destination:       VS (PAD)
  Source Clock:      CLK rising

  Data Path: VGACtl/CountVer/Counter_5 to VS
                                Gate     Net
    Cell:in->out      fanout   Delay   Delay  Logical Name (Net Name)
    ----------------------------------------  ------------
     FDE:C->Q              5   0.591   0.808  VGACtl/CountVer/Counter_5 (VGACtl/CountVer/Counter_5)
     LUT4:I0->O            1   0.704   0.595  VGACtl/VS4 (VGACtl/VS4)
     LUT2:I0->O            1   0.704   0.420  VGACtl/VS10 (VS_OBUF)
     OBUF:I->O                 3.272          VS_OBUF (VS)
    ----------------------------------------
    Total                      7.094ns (5.271ns logic, 1.823ns route)
                                       (74.3% logic, 25.7% route)

=========================================================================


Total REAL time to Xst completion: 6.00 secs
Total CPU time to Xst completion: 6.33 secs
 
--> 


Total memory usage is 509732 kilobytes

Number of errors   :    0 (   0 filtered)
Number of warnings :    1 (   0 filtered)
Number of infos    :    0 (   0 filtered)

